{"message":"missing lifetime specifier","code":{"code":"E0106","explanation":"This error indicates that a lifetime is missing from a type. If it is an error\ninside a function signature, the problem may be with failing to adhere to the\nlifetime elision rules (see below).\n\nErroneous code examples:\n\n```compile_fail,E0106\nstruct Foo1 { x: &bool }\n              // ^ expected lifetime parameter\nstruct Foo2<'a> { x: &'a bool } // correct\n\nstruct Bar1 { x: Foo2 }\n              // ^^^^ expected lifetime parameter\nstruct Bar2<'a> { x: Foo2<'a> } // correct\n\nenum Baz1 { A(u8), B(&bool), }\n                  // ^ expected lifetime parameter\nenum Baz2<'a> { A(u8), B(&'a bool), } // correct\n\ntype MyStr1 = &str;\n           // ^ expected lifetime parameter\ntype MyStr2<'a> = &'a str; // correct\n```\n\nLifetime elision is a special, limited kind of inference for lifetimes in\nfunction signatures which allows you to leave out lifetimes in certain cases.\nFor more background on lifetime elision see [the book][book-le].\n\nThe lifetime elision rules require that any function signature with an elided\noutput lifetime must either have:\n\n - exactly one input lifetime\n - or, multiple input lifetimes, but the function must also be a method with a\n   `&self` or `&mut self` receiver\n\nIn the first case, the output lifetime is inferred to be the same as the unique\ninput lifetime. In the second case, the lifetime is instead inferred to be the\nsame as the lifetime on `&self` or `&mut self`.\n\nHere are some examples of elision errors:\n\n```compile_fail,E0106\n// error, no input lifetimes\nfn foo() -> &str { }\n\n// error, `x` and `y` have distinct lifetimes inferred\nfn bar(x: &str, y: &str) -> &str { }\n\n// error, `y`'s lifetime is inferred to be distinct from `x`'s\nfn baz<'a>(x: &'a str, y: &str) -> &str { }\n```\n\n[book-le]: https://doc.rust-lang.org/book/ch10-03-lifetime-syntax.html#lifetime-elision\n"},"level":"error","spans":[{"file_name":"src/flag.rs","byte_start":359,"byte_end":361,"line_start":19,"line_end":19,"column_start":24,"column_end":26,"is_primary":true,"text":[{"text":"pub fn trans() -> Flag<'_> {","highlight_start":24,"highlight_end":26}],"label":"expected named lifetime parameter","suggested_replacement":null,"suggestion_applicability":null,"expansion":null}],"children":[{"message":"this function's return type contains a borrowed value, but there is no value for it to be borrowed from","code":null,"level":"help","spans":[],"children":[],"rendered":null},{"message":"consider using the `'static` lifetime","code":null,"level":"help","spans":[{"file_name":"src/flag.rs","byte_start":359,"byte_end":361,"line_start":19,"line_end":19,"column_start":24,"column_end":26,"is_primary":true,"text":[{"text":"pub fn trans() -> Flag<'_> {","highlight_start":24,"highlight_end":26}],"label":null,"suggested_replacement":"'static","suggestion_applicability":"MaybeIncorrect","expansion":null}],"children":[],"rendered":null}],"rendered":"\u001b[0m\u001b[1m\u001b[38;5;9merror[E0106]\u001b[0m\u001b[0m\u001b[1m: missing lifetime specifier\u001b[0m\n\u001b[0m  \u001b[0m\u001b[0m\u001b[1m\u001b[38;5;12m--> \u001b[0m\u001b[0msrc/flag.rs:19:24\u001b[0m\n\u001b[0m   \u001b[0m\u001b[0m\u001b[1m\u001b[38;5;12m|\u001b[0m\n\u001b[0m\u001b[1m\u001b[38;5;12m19\u001b[0m\u001b[0m \u001b[0m\u001b[0m\u001b[1m\u001b[38;5;12m|\u001b[0m\u001b[0m \u001b[0m\u001b[0mpub fn trans() -> Flag<'_> {\u001b[0m\n\u001b[0m   \u001b[0m\u001b[0m\u001b[1m\u001b[38;5;12m| \u001b[0m\u001b[0m                       \u001b[0m\u001b[0m\u001b[1m\u001b[38;5;9m^^\u001b[0m\u001b[0m \u001b[0m\u001b[0m\u001b[1m\u001b[38;5;9mexpected named lifetime parameter\u001b[0m\n\u001b[0m   \u001b[0m\u001b[0m\u001b[1m\u001b[38;5;12m|\u001b[0m\n\u001b[0m   \u001b[0m\u001b[0m\u001b[1m\u001b[38;5;12m= \u001b[0m\u001b[0m\u001b[1mhelp\u001b[0m\u001b[0m: this function's return type contains a borrowed value, but there is no value for it to be borrowed from\u001b[0m\n\u001b[0m\u001b[1m\u001b[38;5;14mhelp\u001b[0m\u001b[0m: consider using the `'static` lifetime\u001b[0m\n\u001b[0m   \u001b[0m\u001b[0m\u001b[1m\u001b[38;5;12m|\u001b[0m\n\u001b[0m\u001b[1m\u001b[38;5;12m19\u001b[0m\u001b[0m \u001b[0m\u001b[0m\u001b[1m\u001b[38;5;12m| \u001b[0m\u001b[0mpub fn trans() -> Flag<\u001b[0m\u001b[0m\u001b[38;5;10m'static\u001b[0m\u001b[0m> {\u001b[0m\n\u001b[0m   \u001b[0m\u001b[0m\u001b[1m\u001b[38;5;12m|\u001b[0m\u001b[0m                        \u001b[0m\u001b[0m\u001b[38;5;10m~~~~~~~\u001b[0m\n\n"}
{"message":"unused import: `std::borrow::Cow`","code":{"code":"unused_imports","explanation":null},"level":"warning","spans":[{"file_name":"src/flag.rs","byte_start":4,"byte_end":20,"line_start":1,"line_end":1,"column_start":5,"column_end":21,"is_primary":true,"text":[{"text":"use std::borrow::Cow;","highlight_start":5,"highlight_end":21}],"label":null,"suggested_replacement":null,"suggestion_applicability":null,"expansion":null}],"children":[{"message":"`#[warn(unused_imports)]` on by default","code":null,"level":"note","spans":[],"children":[],"rendered":null},{"message":"remove the whole `use` item","code":null,"level":"help","spans":[{"file_name":"src/flag.rs","byte_start":0,"byte_end":21,"line_start":1,"line_end":1,"column_start":1,"column_end":22,"is_primary":true,"text":[{"text":"use std::borrow::Cow;","highlight_start":1,"highlight_end":22}],"label":null,"suggested_replacement":"","suggestion_applicability":"MachineApplicable","expansion":null}],"children":[],"rendered":null}],"rendered":"\u001b[0m\u001b[1m\u001b[33mwarning\u001b[0m\u001b[0m\u001b[1m: unused import: `std::borrow::Cow`\u001b[0m\n\u001b[0m \u001b[0m\u001b[0m\u001b[1m\u001b[38;5;12m--> \u001b[0m\u001b[0msrc/flag.rs:1:5\u001b[0m\n\u001b[0m  \u001b[0m\u001b[0m\u001b[1m\u001b[38;5;12m|\u001b[0m\n\u001b[0m\u001b[1m\u001b[38;5;12m1\u001b[0m\u001b[0m \u001b[0m\u001b[0m\u001b[1m\u001b[38;5;12m|\u001b[0m\u001b[0m \u001b[0m\u001b[0muse std::borrow::Cow;\u001b[0m\n\u001b[0m  \u001b[0m\u001b[0m\u001b[1m\u001b[38;5;12m| \u001b[0m\u001b[0m    \u001b[0m\u001b[0m\u001b[1m\u001b[33m^^^^^^^^^^^^^^^^\u001b[0m\n\u001b[0m  \u001b[0m\u001b[0m\u001b[1m\u001b[38;5;12m|\u001b[0m\n\u001b[0m  \u001b[0m\u001b[0m\u001b[1m\u001b[38;5;12m= \u001b[0m\u001b[0m\u001b[1mnote\u001b[0m\u001b[0m: `#[warn(unused_imports)]` on by default\u001b[0m\n\n"}
{"message":"mismatched types","code":{"code":"E0308","explanation":"Expected type did not match the received type.\n\nErroneous code examples:\n\n```compile_fail,E0308\nfn plus_one(x: i32) -> i32 {\n    x + 1\n}\n\nplus_one(\"Not a number\");\n//       ^^^^^^^^^^^^^^ expected `i32`, found `&str`\n\nif \"Not a bool\" {\n// ^^^^^^^^^^^^ expected `bool`, found `&str`\n}\n\nlet x: f32 = \"Not a float\";\n//     ---   ^^^^^^^^^^^^^ expected `f32`, found `&str`\n//     |\n//     expected due to this\n```\n\nThis error occurs when an expression was used in a place where the compiler\nexpected an expression of a different type. It can occur in several cases, the\nmost common being when calling a function and passing an argument which has a\ndifferent type than the matching type in the function declaration.\n"},"level":"error","spans":[{"file_name":"src/flag.rs","byte_start":646,"byte_end":648,"line_start":28,"line_end":28,"column_start":46,"column_end":48,"is_primary":true,"text":[{"text":"    Flag { name: \"transgender\", ansi_colors: (), stripe_colors: (), factor: (), color_method: () }","highlight_start":46,"highlight_end":48}],"label":"expected `&[u8]`, found `()`","suggested_replacement":null,"suggestion_applicability":null,"expansion":null}],"children":[],"rendered":"\u001b[0m\u001b[1m\u001b[38;5;9merror[E0308]\u001b[0m\u001b[0m\u001b[1m: mismatched types\u001b[0m\n\u001b[0m  \u001b[0m\u001b[0m\u001b[1m\u001b[38;5;12m--> \u001b[0m\u001b[0msrc/flag.rs:28:46\u001b[0m\n\u001b[0m   \u001b[0m\u001b[0m\u001b[1m\u001b[38;5;12m|\u001b[0m\n\u001b[0m\u001b[1m\u001b[38;5;12m28\u001b[0m\u001b[0m \u001b[0m\u001b[0m\u001b[1m\u001b[38;5;12m|\u001b[0m\u001b[0m \u001b[0m\u001b[0m    Flag { name: \"transgender\", ansi_colors: (), stripe_colors: (), factor: (), color_method: () }\u001b[0m\n\u001b[0m   \u001b[0m\u001b[0m\u001b[1m\u001b[38;5;12m| \u001b[0m\u001b[0m                                             \u001b[0m\u001b[0m\u001b[1m\u001b[38;5;9m^^\u001b[0m\u001b[0m \u001b[0m\u001b[0m\u001b[1m\u001b[38;5;9mexpected `&[u8]`, found `()`\u001b[0m\n\n"}
{"message":"mismatched types","code":{"code":"E0308","explanation":"Expected type did not match the received type.\n\nErroneous code examples:\n\n```compile_fail,E0308\nfn plus_one(x: i32) -> i32 {\n    x + 1\n}\n\nplus_one(\"Not a number\");\n//       ^^^^^^^^^^^^^^ expected `i32`, found `&str`\n\nif \"Not a bool\" {\n// ^^^^^^^^^^^^ expected `bool`, found `&str`\n}\n\nlet x: f32 = \"Not a float\";\n//     ---   ^^^^^^^^^^^^^ expected `f32`, found `&str`\n//     |\n//     expected due to this\n```\n\nThis error occurs when an expression was used in a place where the compiler\nexpected an expression of a different type. It can occur in several cases, the\nmost common being when calling a function and passing an argument which has a\ndifferent type than the matching type in the function declaration.\n"},"level":"error","spans":[{"file_name":"src/flag.rs","byte_start":665,"byte_end":667,"line_start":28,"line_end":28,"column_start":65,"column_end":67,"is_primary":true,"text":[{"text":"    Flag { name: \"transgender\", ansi_colors: (), stripe_colors: (), factor: (), color_method: () }","highlight_start":65,"highlight_end":67}],"label":"expected struct `Vec`, found `()`","suggested_replacement":null,"suggestion_applicability":null,"expansion":null}],"children":[{"message":"expected struct `Vec<color::Color>`\nfound unit type `()`","code":null,"level":"note","spans":[],"children":[],"rendered":null}],"rendered":"\u001b[0m\u001b[1m\u001b[38;5;9merror[E0308]\u001b[0m\u001b[0m\u001b[1m: mismatched types\u001b[0m\n\u001b[0m  \u001b[0m\u001b[0m\u001b[1m\u001b[38;5;12m--> \u001b[0m\u001b[0msrc/flag.rs:28:65\u001b[0m\n\u001b[0m   \u001b[0m\u001b[0m\u001b[1m\u001b[38;5;12m|\u001b[0m\n\u001b[0m\u001b[1m\u001b[38;5;12m28\u001b[0m\u001b[0m \u001b[0m\u001b[0m\u001b[1m\u001b[38;5;12m|\u001b[0m\u001b[0m \u001b[0m\u001b[0m    Flag { name: \"transgender\", ansi_colors: (), stripe_colors: (), factor: (), color_method: () }\u001b[0m\n\u001b[0m   \u001b[0m\u001b[0m\u001b[1m\u001b[38;5;12m| \u001b[0m\u001b[0m                                                                \u001b[0m\u001b[0m\u001b[1m\u001b[38;5;9m^^\u001b[0m\u001b[0m \u001b[0m\u001b[0m\u001b[1m\u001b[38;5;9mexpected struct `Vec`, found `()`\u001b[0m\n\u001b[0m   \u001b[0m\u001b[0m\u001b[1m\u001b[38;5;12m|\u001b[0m\n\u001b[0m   \u001b[0m\u001b[0m\u001b[1m\u001b[38;5;12m= \u001b[0m\u001b[0m\u001b[1mnote\u001b[0m\u001b[0m: expected struct `\u001b[0m\u001b[0m\u001b[1mVec<color::Color>\u001b[0m\u001b[0m`\u001b[0m\n\u001b[0m           found unit type `\u001b[0m\u001b[0m\u001b[1m()\u001b[0m\u001b[0m`\u001b[0m\n\n"}
{"message":"mismatched types","code":{"code":"E0308","explanation":"Expected type did not match the received type.\n\nErroneous code examples:\n\n```compile_fail,E0308\nfn plus_one(x: i32) -> i32 {\n    x + 1\n}\n\nplus_one(\"Not a number\");\n//       ^^^^^^^^^^^^^^ expected `i32`, found `&str`\n\nif \"Not a bool\" {\n// ^^^^^^^^^^^^ expected `bool`, found `&str`\n}\n\nlet x: f32 = \"Not a float\";\n//     ---   ^^^^^^^^^^^^^ expected `f32`, found `&str`\n//     |\n//     expected due to this\n```\n\nThis error occurs when an expression was used in a place where the compiler\nexpected an expression of a different type. It can occur in several cases, the\nmost common being when calling a function and passing an argument which has a\ndifferent type than the matching type in the function declaration.\n"},"level":"error","spans":[{"file_name":"src/flag.rs","byte_start":677,"byte_end":679,"line_start":28,"line_end":28,"column_start":77,"column_end":79,"is_primary":true,"text":[{"text":"    Flag { name: \"transgender\", ansi_colors: (), stripe_colors: (), factor: (), color_method: () }","highlight_start":77,"highlight_end":79}],"label":"expected `f32`, found `()`","suggested_replacement":null,"suggestion_applicability":null,"expansion":null}],"children":[],"rendered":"\u001b[0m\u001b[1m\u001b[38;5;9merror[E0308]\u001b[0m\u001b[0m\u001b[1m: mismatched types\u001b[0m\n\u001b[0m  \u001b[0m\u001b[0m\u001b[1m\u001b[38;5;12m--> \u001b[0m\u001b[0msrc/flag.rs:28:77\u001b[0m\n\u001b[0m   \u001b[0m\u001b[0m\u001b[1m\u001b[38;5;12m|\u001b[0m\n\u001b[0m\u001b[1m\u001b[38;5;12m28\u001b[0m\u001b[0m \u001b[0m\u001b[0m\u001b[1m\u001b[38;5;12m|\u001b[0m\u001b[0m \u001b[0m\u001b[0m    Flag { name: \"transgender\", ansi_colors: (), stripe_colors: (), factor: (), color_method: () }\u001b[0m\n\u001b[0m   \u001b[0m\u001b[0m\u001b[1m\u001b[38;5;12m| \u001b[0m\u001b[0m                                                                            \u001b[0m\u001b[0m\u001b[1m\u001b[38;5;9m^^\u001b[0m\u001b[0m \u001b[0m\u001b[0m\u001b[1m\u001b[38;5;9mexpected `f32`, found `()`\u001b[0m\n\n"}
{"message":"mismatched types","code":{"code":"E0308","explanation":"Expected type did not match the received type.\n\nErroneous code examples:\n\n```compile_fail,E0308\nfn plus_one(x: i32) -> i32 {\n    x + 1\n}\n\nplus_one(\"Not a number\");\n//       ^^^^^^^^^^^^^^ expected `i32`, found `&str`\n\nif \"Not a bool\" {\n// ^^^^^^^^^^^^ expected `bool`, found `&str`\n}\n\nlet x: f32 = \"Not a float\";\n//     ---   ^^^^^^^^^^^^^ expected `f32`, found `&str`\n//     |\n//     expected due to this\n```\n\nThis error occurs when an expression was used in a place where the compiler\nexpected an expression of a different type. It can occur in several cases, the\nmost common being when calling a function and passing an argument which has a\ndifferent type than the matching type in the function declaration.\n"},"level":"error","spans":[{"file_name":"src/flag.rs","byte_start":695,"byte_end":697,"line_start":28,"line_end":28,"column_start":95,"column_end":97,"is_primary":true,"text":[{"text":"    Flag { name: \"transgender\", ansi_colors: (), stripe_colors: (), factor: (), color_method: () }","highlight_start":95,"highlight_end":97}],"label":"expected enum `ColorMethod`, found `()`","suggested_replacement":null,"suggestion_applicability":null,"expansion":null}],"children":[],"rendered":"\u001b[0m\u001b[1m\u001b[38;5;9merror[E0308]\u001b[0m\u001b[0m\u001b[1m: mismatched types\u001b[0m\n\u001b[0m  \u001b[0m\u001b[0m\u001b[1m\u001b[38;5;12m--> \u001b[0m\u001b[0msrc/flag.rs:28:95\u001b[0m\n\u001b[0m   \u001b[0m\u001b[0m\u001b[1m\u001b[38;5;12m|\u001b[0m\n\u001b[0m\u001b[1m\u001b[38;5;12m28\u001b[0m\u001b[0m \u001b[0m\u001b[0m\u001b[1m\u001b[38;5;12m|\u001b[0m\u001b[0m \u001b[0m\u001b[0m    Flag { name: \"transgender\", ansi_colors: (), stripe_colors: (), factor: (), color_method: () }\u001b[0m\n\u001b[0m   \u001b[0m\u001b[0m\u001b[1m\u001b[38;5;12m| \u001b[0m\u001b[0m                                                                                              \u001b[0m\u001b[0m\u001b[1m\u001b[38;5;9m^^\u001b[0m\u001b[0m \u001b[0m\u001b[0m\u001b[1m\u001b[38;5;9mexpected enum `ColorMethod`, found `()`\u001b[0m\n\n"}
{"message":"aborting due to 5 previous errors; 1 warning emitted","code":null,"level":"error","spans":[],"children":[],"rendered":"\u001b[0m\u001b[1m\u001b[38;5;9merror\u001b[0m\u001b[0m\u001b[1m: aborting due to 5 previous errors; 1 warning emitted\u001b[0m\n\n"}
{"message":"Some errors have detailed explanations: E0106, E0308.","code":null,"level":"failure-note","spans":[],"children":[],"rendered":"\u001b[0m\u001b[1mSome errors have detailed explanations: E0106, E0308.\u001b[0m\n"}
{"message":"For more information about an error, try `rustc --explain E0106`.","code":null,"level":"failure-note","spans":[],"children":[],"rendered":"\u001b[0m\u001b[1mFor more information about an error, try `rustc --explain E0106`.\u001b[0m\n"}
